GET	/	undefined
POST	/auth/refresh	http://localhost:3000
POST	/auth/refresh	http://localhost:3000
POST	/auth/refresh	http://localhost:3000
POST	/auth/refresh	http://localhost:3000
POST	/auth/login	http://localhost:3000
POST	/auth/refresh	http://localhost:3000
POST	/auth/refresh	https://www.hiase.cafe
POST	/auth/refresh	https://www.hiase.cafe
POST	/auth/refresh	https://www.hiase.cafe
POST	/auth/refresh	https://www.hiase.cafe
POST	/auth/refresh	https://www.hiase.cafe
POST	/auth/refresh	http://localhost:3000
POST	/auth/refresh	http://localhost:3000
POST	/auth/login	http://localhost:3000
POST	/auth/refresh	http://localhost:3000
POST	/auth/refresh	http://localhost:3000
POST	/auth/logout	http://localhost:3000
POST	/auth/refresh	http://localhost:3000
POST	/auth/refresh	http://localhost:3000
POST	/auth/refresh	http://localhost:3000
POST	/auth/refresh	http://localhost:3000
POST	/auth/login	http://localhost:3000
GET	/coffee	http://localhost:3000
GET	/images/Cappuchino.png	undefined
GET	/images/Black.png	undefined
GET	/images/DoubleEspresso.png	undefined
GET	/images/Espresso.png	undefined
GET	/images/Latte.png	undefined
GET	/images/Mocha.png	undefined
GET	/images/White.png	undefined
POST	/auth/refresh	http://localhost:3000
POST	/auth/refresh	http://localhost:3000
POST	/auth/refresh	http://localhost:3000
POST	/auth/refresh	http://localhost:3000
GET	/login/google	undefined
GET	/auth/login/google	undefined
GET	/auth/login/google	undefined
GET	/auth/login/google	undefined
